<?xml version="1.0" encoding="UTF-8"?>
<!-- Generated by org.testng.reporters.JUnitReportReporter -->
<testsuite hostname="cdc2-l-128fwwn" failures="0" tests="1" name="SeleniumFramework.Ecommerce.StandAloneTest" time="27.106" errors="0" timestamp="2024-08-20T15:35:11 IST" skipped="0">
  <testcase classname="SeleniumFramework.Ecommerce.StandAloneTest" name="StandAloneTest" time="27.106"/>
</testsuite> <!-- SeleniumFramework.Ecommerce.StandAloneTest -->
