<?xml version="1.0" encoding="UTF-8"?>
<!-- Generated by org.testng.reporters.JUnitReportReporter -->
<testsuite hostname="cdc2-l-128fwwn" failures="0" tests="5" name="SeleniumFramework.Ecommerce.E2Eecommerce2Optimised" time="128.325" errors="0" timestamp="2024-08-21T15:39:47 IST" skipped="2">
  <testcase classname="SeleniumFramework.Ecommerce.E2Eecommerce2Optimised" name="submitOrderTest" time="22.946">
    <skipped/>
  </testcase> <!-- submitOrderTest -->
  <testcase classname="SeleniumFramework.Ecommerce.E2Eecommerce2Optimised" name="verifyOrdersPage" time="9.832"/>
  <testcase classname="SeleniumFramework.Ecommerce.E2Eecommerce2Optimised" name="submitOrderTest" time="29.804">
    <skipped/>
  </testcase> <!-- submitOrderTest -->
  <testcase classname="SeleniumFramework.Ecommerce.E2Eecommerce2Optimised" name="submitOrderTest" time="30.801"/>
  <testcase classname="SeleniumFramework.Ecommerce.E2Eecommerce2Optimised" name="submitOrderTest" time="34.942"/>
</testsuite> <!-- SeleniumFramework.Ecommerce.E2Eecommerce2Optimised -->
