<?xml version="1.0" encoding="UTF-8"?>
<!-- Generated by org.testng.reporters.JUnitReportReporter -->
<testsuite hostname="cdc2-l-128fwwn" failures="0" tests="1" name="cbdd.TestNGTestrunner" time="16.966" errors="0" timestamp="2024-09-05T15:34:55 IST" skipped="0">
  <testcase classname="cbdd.TestNGTestrunner" name="runScenario" time="16.966"/>
</testsuite> <!-- cbdd.TestNGTestrunner -->
